<?xml version="1.0" encoding="UTF-8"?>
<!-- Generated by org.testng.reporters.JUnitReportReporter -->
<testsuite hostname="Yogesh" failures="0" tests="2" name="firstMaven.SeleniumDemo" time="13.085" errors="0" timestamp="2024-12-13T08:43:02 IST" skipped="0">
  <testcase classname="firstMaven.SeleniumDemo" name="myTest" time="7.700"/>
  <system-out/>
  <testcase classname="firstMaven.SeleniumDemo" name="myTest" time="5.385"/>
  <system-out/>
</testsuite> <!-- firstMaven.SeleniumDemo -->
