<?xml version="1.0" encoding="UTF-8"?>
<!-- Generated by org.testng.reporters.JUnitReportReporter -->
<testsuite hostname="Yogesh" failures="0" tests="1" name="firstMaven.FISUIExcersise" time="5.478" errors="0" timestamp="2024-12-14T17:08:09 IST" skipped="0">
  <testcase classname="firstMaven.FISUIExcersise" name="ebayAutomation" time="5.478"/>
  <system-out/>
</testsuite> <!-- firstMaven.FISUIExcersise -->
