<?xml version="1.0" encoding="UTF-8"?>
<!-- Generated by org.testng.reporters.JUnitReportReporter -->
<testsuite hostname="Yogesh" failures="0" tests="2" name="fisExcercise.FISUIExcercise" time="13.933" errors="0" timestamp="2024-12-15T09:36:27 IST" skipped="0">
  <testcase classname="fisExcercise.FISUIExcercise" name="eBayTest" time="9.078"/>
  <system-out/>
  <testcase classname="fisExcercise.FISUIExcercise" name="subWindowTest" time="4.855"/>
  <system-out/>
</testsuite> <!-- fisExcercise.FISUIExcercise -->
