<?xml version="1.0" encoding="UTF-8"?>
<!-- Generated by org.testng.reporters.JUnitReportReporter -->
<testsuite hostname="Yogesh" failures="0" tests="1" name="fisAPIExcercise.FISAPIExcercise" time="1.855" errors="0" timestamp="2024-12-16T14:42:57 IST" skipped="0">
  <testcase classname="fisAPIExcercise.FISAPIExcercise" name="JSONValidation" time="1.855"/>
  <system-out/>
</testsuite> <!-- fisAPIExcercise.FISAPIExcercise -->
