<?xml version="1.0" encoding="UTF-8"?>
<!-- Generated by org.testng.reporters.JUnitReportReporter -->
<testsuite hostname="Yogesh" failures="0" tests="2" name="fisUIExcercise.FISUIExcercise" time="14.661" errors="0" timestamp="2024-12-16T14:55:29 IST" skipped="0">
  <testcase classname="fisUIExcercise.FISUIExcercise" name="eBayTest" time="9.447"/>
  <system-out/>
  <testcase classname="fisUIExcercise.FISUIExcercise" name="subWindowTest" time="5.214"/>
  <system-out/>
</testsuite> <!-- fisUIExcercise.FISUIExcercise -->
