<?xml version="1.0" encoding="UTF-8"?>
<!-- Generated by org.testng.reporters.JUnitReportReporter -->
<testsuite hostname="Yogesh" failures="0" tests="2" name="firstMaven.TestNGDemo" time="0.012" errors="0" timestamp="2024-12-13T08:56:25 IST" skipped="0">
  <testcase classname="firstMaven.TestNGDemo" name="myTest" time="0.003"/>
  <system-out/>
  <testcase classname="firstMaven.TestNGDemo" name="myTest" time="0.009"/>
  <system-out/>
</testsuite> <!-- firstMaven.TestNGDemo -->
